[ 2016-08-19T19:10:36+08:00 ] 127.0.0.1 /index.php?c=detail&id=
INFO: [ app_init ] --START--
INFO: Run Behavior\BuildLiteBehavior [ RunTime:0.000022s ]
INFO: [ app_init ] --END-- [ RunTime:0.000371s ]
INFO: [ app_begin ] --START--
INFO: Run Behavior\ReadHtmlCacheBehavior [ RunTime:0.000556s ]
INFO: [ app_begin ] --END-- [ RunTime:0.000666s ]
NOTIC: [2048] Declaration of Home\Controller\DetailController::error() should be compatible with Think\Controller::error($message = '', $jumpUrl = '', $ajax = false) D:\wamp64\www\singcms\Application\Home\Controller\DetailController.class.php 第 44 行.
INFO: [ view_parse ] --START--
INFO: [ template_filter ] --START--
INFO: Run Behavior\ContentReplaceBehavior [ RunTime:0.000093s ]
INFO: [ template_filter ] --END-- [ RunTime:0.000262s ]
NOTIC: [2048] Declaration of Common\Model\BasicModel::save() should be compatible with Think\Model::save($data = '', $options = Array) D:\wamp64\www\singcms\Application\Common\Model\BasicModel.class.php 第 5 行.
NOTIC: [2048] Declaration of Common\Model\BasicModel::select() should be compatible with Think\Model::select($options = Array) D:\wamp64\www\singcms\Application\Common\Model\BasicModel.class.php 第 5 行.
SQL: SHOW COLUMNS FROM `cms_menu` [ RunTime:0.0006s ]
SQL: SELECT * FROM `cms_menu` WHERE `status` <> -1 AND `type` = 0 ORDER BY listorder desc,menu_id desc  [ RunTime:0.0004s ]
NOTIC: [8] Undefined variable: result D:\wamp64\www\singcms\Application\Runtime\Cache\Home\9e03bccc44c1f457e70232be6abc4e68.php 第 29 行.
NOTIC: [8] Undefined variable: result D:\wamp64\www\singcms\Application\Runtime\Cache\Home\9e03bccc44c1f457e70232be6abc4e68.php 第 30 行.
NOTIC: [8] Undefined variable: result D:\wamp64\www\singcms\Application\Runtime\Cache\Home\9e03bccc44c1f457e70232be6abc4e68.php 第 30 行.
NOTIC: [8] Undefined variable: result D:\wamp64\www\singcms\Application\Runtime\Cache\Home\9e03bccc44c1f457e70232be6abc4e68.php 第 30 行.
NOTIC: [8] Undefined variable: result D:\wamp64\www\singcms\Application\Runtime\Cache\Home\9e03bccc44c1f457e70232be6abc4e68.php 第 30 行.
INFO: Run Behavior\ParseTemplateBehavior [ RunTime:0.065034s ]
INFO: [ view_parse ] --END-- [ RunTime:0.065150s ]
INFO: [ view_filter ] --START--
INFO: Run Behavior\WriteHtmlCacheBehavior [ RunTime:0.000492s ]
INFO: [ view_filter ] --END-- [ RunTime:0.000586s ]
INFO: [ app_end ] --START--
INFO: Run Behavior\ShowPageTraceBehavior [ RunTime:0.000556s ]
INFO: [ app_end ] --END-- [ RunTime:0.000658s ]

[ 2016-08-19T19:10:40+08:00 ] 127.0.0.1 /
INFO: [ app_init ] --START--
INFO: Run Behavior\BuildLiteBehavior [ RunTime:0.000022s ]
INFO: [ app_init ] --END-- [ RunTime:0.000359s ]
INFO: [ app_begin ] --START--
INFO: Run Behavior\ReadHtmlCacheBehavior [ RunTime:0.000521s ]
INFO: [ app_begin ] --END-- [ RunTime:0.000621s ]
SQL: SHOW COLUMNS FROM `cms_position_content` [ RunTime:0.0010s ]
SQL: SELECT * FROM `cms_position_content` WHERE `status` <> -1 AND `position_id` = 2 LIMIT 0,1   [ RunTime:0.0003s ]
SQL: SELECT * FROM `cms_position_content` WHERE `status` <> -1 AND `position_id` = 3 LIMIT 0,3   [ RunTime:0.0002s ]
SQL: SHOW COLUMNS FROM `cms_news` [ RunTime:0.0007s ]
SQL: SELECT * FROM `cms_news` WHERE `status` <> -1 AND `thumb` <> '' ORDER BY listorder desc,news_id desc LIMIT 0,30   [ RunTime:0.0005s ]
SQL: SELECT * FROM `cms_position_content` WHERE `status` <> -1 AND `position_id` = 5 LIMIT 0,2   [ RunTime:0.0003s ]
SQL: SELECT * FROM `cms_news` WHERE `status` <> -1 ORDER BY count desc,news_id desc LIMIT 0,10   [ RunTime:0.0004s ]
INFO: [ view_parse ] --START--
INFO: [ template_filter ] --START--
INFO: Run Behavior\ContentReplaceBehavior [ RunTime:0.000125s ]
INFO: [ template_filter ] --END-- [ RunTime:0.000305s ]
NOTIC: [2048] Declaration of Common\Model\BasicModel::save() should be compatible with Think\Model::save($data = '', $options = Array) D:\wamp64\www\singcms\Application\Common\Model\BasicModel.class.php 第 19 行.
NOTIC: [2048] Declaration of Common\Model\BasicModel::select() should be compatible with Think\Model::select($options = Array) D:\wamp64\www\singcms\Application\Common\Model\BasicModel.class.php 第 19 行.
SQL: SHOW COLUMNS FROM `cms_menu` [ RunTime:0.0008s ]
SQL: SELECT * FROM `cms_menu` WHERE `status` <> -1 AND `type` = 0 ORDER BY listorder desc,menu_id desc  [ RunTime:0.0007s ]
NOTIC: [8] Undefined index: name D:\wamp64\www\singcms\Application\Runtime\Cache\Home\2a94b8bda04ff446dcedd42276fc99ee.php 第 89 行.
NOTIC: [8] Undefined index: name D:\wamp64\www\singcms\Application\Runtime\Cache\Home\2a94b8bda04ff446dcedd42276fc99ee.php 第 89 行.
INFO: Run Behavior\ParseTemplateBehavior [ RunTime:0.054705s ]
INFO: [ view_parse ] --END-- [ RunTime:0.054863s ]
INFO: [ view_filter ] --START--
INFO: Run Behavior\WriteHtmlCacheBehavior [ RunTime:0.001036s ]
INFO: [ view_filter ] --END-- [ RunTime:0.001233s ]
INFO: [ app_end ] --START--
INFO: Run Behavior\ShowPageTraceBehavior [ RunTime:0.001380s ]
INFO: [ app_end ] --END-- [ RunTime:0.001605s ]

[ 2016-08-19T19:10:41+08:00 ] 127.0.0.1 /index.php?c=index&a=getCount
INFO: [ app_init ] --START--
INFO: Run Behavior\BuildLiteBehavior [ RunTime:0.000047s ]
INFO: [ app_init ] --END-- [ RunTime:0.000873s ]
INFO: [ app_begin ] --START--
INFO: Run Behavior\ReadHtmlCacheBehavior [ RunTime:0.000940s ]
INFO: [ app_begin ] --END-- [ RunTime:0.001116s ]
SQL: SHOW COLUMNS FROM `cms_news` [ RunTime:0.0011s ]
SQL: SELECT * FROM `cms_news` WHERE `news_id` IN ('21','36','35','34','33','32','24','23','22')  [ RunTime:0.0041s ]

[ 2016-08-19T19:10:48+08:00 ] 127.0.0.1 /index.php?c=detail&id=
INFO: [ app_init ] --START--
INFO: Run Behavior\BuildLiteBehavior [ RunTime:0.000037s ]
INFO: [ app_init ] --END-- [ RunTime:0.000668s ]
INFO: [ app_begin ] --START--
INFO: Run Behavior\ReadHtmlCacheBehavior [ RunTime:0.000556s ]
INFO: [ app_begin ] --END-- [ RunTime:0.000677s ]
NOTIC: [2048] Declaration of Home\Controller\DetailController::error() should be compatible with Think\Controller::error($message = '', $jumpUrl = '', $ajax = false) D:\wamp64\www\singcms\Application\Home\Controller\DetailController.class.php 第 44 行.
INFO: [ view_parse ] --START--
INFO: [ template_filter ] --START--
INFO: Run Behavior\ContentReplaceBehavior [ RunTime:0.000062s ]
INFO: [ template_filter ] --END-- [ RunTime:0.000170s ]
NOTIC: [2048] Declaration of Common\Model\BasicModel::save() should be compatible with Think\Model::save($data = '', $options = Array) D:\wamp64\www\singcms\Application\Common\Model\BasicModel.class.php 第 5 行.
NOTIC: [2048] Declaration of Common\Model\BasicModel::select() should be compatible with Think\Model::select($options = Array) D:\wamp64\www\singcms\Application\Common\Model\BasicModel.class.php 第 5 行.
SQL: SHOW COLUMNS FROM `cms_menu` [ RunTime:0.0006s ]
SQL: SELECT * FROM `cms_menu` WHERE `status` <> -1 AND `type` = 0 ORDER BY listorder desc,menu_id desc  [ RunTime:0.0008s ]
NOTIC: [8] Undefined variable: result D:\wamp64\www\singcms\Application\Runtime\Cache\Home\9e03bccc44c1f457e70232be6abc4e68.php 第 29 行.
NOTIC: [8] Undefined variable: result D:\wamp64\www\singcms\Application\Runtime\Cache\Home\9e03bccc44c1f457e70232be6abc4e68.php 第 30 行.
NOTIC: [8] Undefined variable: result D:\wamp64\www\singcms\Application\Runtime\Cache\Home\9e03bccc44c1f457e70232be6abc4e68.php 第 30 行.
NOTIC: [8] Undefined variable: result D:\wamp64\www\singcms\Application\Runtime\Cache\Home\9e03bccc44c1f457e70232be6abc4e68.php 第 30 行.
NOTIC: [8] Undefined variable: result D:\wamp64\www\singcms\Application\Runtime\Cache\Home\9e03bccc44c1f457e70232be6abc4e68.php 第 30 行.
INFO: Run Behavior\ParseTemplateBehavior [ RunTime:0.023350s ]
INFO: [ view_parse ] --END-- [ RunTime:0.023495s ]
INFO: [ view_filter ] --START--
INFO: Run Behavior\WriteHtmlCacheBehavior [ RunTime:0.000712s ]
INFO: [ view_filter ] --END-- [ RunTime:0.000876s ]
INFO: [ app_end ] --START--
INFO: Run Behavior\ShowPageTraceBehavior [ RunTime:0.000838s ]
INFO: [ app_end ] --END-- [ RunTime:0.000997s ]

[ 2016-08-19T19:10:52+08:00 ] 127.0.0.1 /index.php?c=detail&id=36
INFO: [ app_init ] --START--
INFO: Run Behavior\BuildLiteBehavior [ RunTime:0.000093s ]
INFO: [ app_init ] --END-- [ RunTime:0.000968s ]
INFO: [ app_begin ] --START--
INFO: Run Behavior\ReadHtmlCacheBehavior [ RunTime:0.001297s ]
INFO: [ app_begin ] --END-- [ RunTime:0.001547s ]
NOTIC: [2048] Declaration of Home\Controller\DetailController::error() should be compatible with Think\Controller::error($message = '', $jumpUrl = '', $ajax = false) D:\wamp64\www\singcms\Application\Home\Controller\DetailController.class.php 第 44 行.
SQL: SHOW COLUMNS FROM `cms_news` [ RunTime:0.0008s ]
SQL: SELECT * FROM `cms_news` WHERE ( news_id=36 ) LIMIT 1   [ RunTime:0.0003s ]
SQL: UPDATE `cms_news` SET `count`='32' WHERE ( news_id=36 ) [ RunTime:0.0003s ]
SQL: SHOW COLUMNS FROM `cms_news_content` [ RunTime:0.0009s ]
SQL: SELECT * FROM `cms_news_content` WHERE ( news_id=36 ) LIMIT 1   [ RunTime:0.0503s ]
SQL: SELECT * FROM `cms_news` WHERE `status` <> -1 ORDER BY count desc,news_id desc LIMIT 0,10   [ RunTime:0.0005s ]
SQL: SHOW COLUMNS FROM `cms_position_content` [ RunTime:0.0006s ]
SQL: SELECT * FROM `cms_position_content` WHERE `status` <> -1 AND `position_id` = 5 LIMIT 0,2   [ RunTime:0.0003s ]
INFO: [ view_parse ] --START--
INFO: [ template_filter ] --START--
INFO: Run Behavior\ContentReplaceBehavior [ RunTime:0.000067s ]
INFO: [ template_filter ] --END-- [ RunTime:0.000180s ]
NOTIC: [2048] Declaration of Common\Model\BasicModel::save() should be compatible with Think\Model::save($data = '', $options = Array) D:\wamp64\www\singcms\Application\Common\Model\BasicModel.class.php 第 19 行.
NOTIC: [2048] Declaration of Common\Model\BasicModel::select() should be compatible with Think\Model::select($options = Array) D:\wamp64\www\singcms\Application\Common\Model\BasicModel.class.php 第 19 行.
SQL: SHOW COLUMNS FROM `cms_menu` [ RunTime:0.0006s ]
SQL: SELECT * FROM `cms_menu` WHERE `status` <> -1 AND `type` = 0 ORDER BY listorder desc,menu_id desc  [ RunTime:0.0004s ]
NOTIC: [8] Undefined index: name D:\wamp64\www\singcms\Application\Runtime\Cache\Home\0d75cb75cd30b13fdd4834afd69acb19.php 第 66 行.
NOTIC: [8] Undefined index: name D:\wamp64\www\singcms\Application\Runtime\Cache\Home\0d75cb75cd30b13fdd4834afd69acb19.php 第 66 行.
INFO: Run Behavior\ParseTemplateBehavior [ RunTime:0.037634s ]
INFO: [ view_parse ] --END-- [ RunTime:0.037762s ]
INFO: [ view_filter ] --START--
INFO: Run Behavior\WriteHtmlCacheBehavior [ RunTime:0.000491s ]
INFO: [ view_filter ] --END-- [ RunTime:0.000595s ]
INFO: [ app_end ] --START--
INFO: Run Behavior\ShowPageTraceBehavior [ RunTime:0.000657s ]
INFO: [ app_end ] --END-- [ RunTime:0.000794s ]

[ 2016-08-19T19:10:55+08:00 ] 127.0.0.1 /index.php?c=detail&id=36
INFO: [ app_init ] --START--
INFO: Run Behavior\BuildLiteBehavior [ RunTime:0.000038s ]
INFO: [ app_init ] --END-- [ RunTime:0.000653s ]
INFO: [ app_begin ] --START--
INFO: Run Behavior\ReadHtmlCacheBehavior [ RunTime:0.000576s ]
INFO: [ app_begin ] --END-- [ RunTime:0.000701s ]
NOTIC: [2048] Declaration of Home\Controller\DetailController::error() should be compatible with Think\Controller::error($message = '', $jumpUrl = '', $ajax = false) D:\wamp64\www\singcms\Application\Home\Controller\DetailController.class.php 第 44 行.
SQL: SHOW COLUMNS FROM `cms_news` [ RunTime:0.0006s ]
SQL: SELECT * FROM `cms_news` WHERE ( news_id=36 ) LIMIT 1   [ RunTime:0.0003s ]
SQL: UPDATE `cms_news` SET `count`='33' WHERE ( news_id=36 ) [ RunTime:0.0003s ]
SQL: SHOW COLUMNS FROM `cms_news_content` [ RunTime:0.0007s ]
SQL: SELECT * FROM `cms_news_content` WHERE ( news_id=36 ) LIMIT 1   [ RunTime:0.0005s ]
SQL: SELECT * FROM `cms_news` WHERE `status` <> -1 ORDER BY count desc,news_id desc LIMIT 0,10   [ RunTime:0.0005s ]
SQL: SHOW COLUMNS FROM `cms_position_content` [ RunTime:0.0006s ]
SQL: SELECT * FROM `cms_position_content` WHERE `status` <> -1 AND `position_id` = 5 LIMIT 0,2   [ RunTime:0.0003s ]
INFO: [ view_parse ] --START--
INFO: [ template_filter ] --START--
INFO: Run Behavior\ContentReplaceBehavior [ RunTime:0.000094s ]
INFO: [ template_filter ] --END-- [ RunTime:0.000215s ]
NOTIC: [2048] Declaration of Common\Model\BasicModel::save() should be compatible with Think\Model::save($data = '', $options = Array) D:\wamp64\www\singcms\Application\Common\Model\BasicModel.class.php 第 19 行.
NOTIC: [2048] Declaration of Common\Model\BasicModel::select() should be compatible with Think\Model::select($options = Array) D:\wamp64\www\singcms\Application\Common\Model\BasicModel.class.php 第 19 行.
SQL: SHOW COLUMNS FROM `cms_menu` [ RunTime:0.0009s ]
SQL: SELECT * FROM `cms_menu` WHERE `status` <> -1 AND `type` = 0 ORDER BY listorder desc,menu_id desc  [ RunTime:0.0007s ]
NOTIC: [8] Undefined index: name D:\wamp64\www\singcms\Application\Runtime\Cache\Home\0d75cb75cd30b13fdd4834afd69acb19.php 第 66 行.
NOTIC: [8] Undefined index: name D:\wamp64\www\singcms\Application\Runtime\Cache\Home\0d75cb75cd30b13fdd4834afd69acb19.php 第 66 行.
INFO: Run Behavior\ParseTemplateBehavior [ RunTime:0.018677s ]
INFO: [ view_parse ] --END-- [ RunTime:0.019021s ]
INFO: [ view_filter ] --START--
INFO: Run Behavior\WriteHtmlCacheBehavior [ RunTime:0.001716s ]
INFO: [ view_filter ] --END-- [ RunTime:0.002052s ]
INFO: [ app_end ] --START--
INFO: Run Behavior\ShowPageTraceBehavior [ RunTime:0.001083s ]
INFO: [ app_end ] --END-- [ RunTime:0.001292s ]

