[ 2016-08-15T16:19:06+08:00 ] 127.0.0.1 /admin.php
INFO: [ app_init ] --START--
INFO: Run Behavior\BuildLiteBehavior [ RunTime:0.000034s ]
INFO: [ app_init ] --END-- [ RunTime:0.000523s ]
INFO: [ app_begin ] --START--
INFO: Run Behavior\ReadHtmlCacheBehavior [ RunTime:0.000573s ]
INFO: [ app_begin ] --END-- [ RunTime:0.000739s ]
INFO: [ view_parse ] --START--
INFO: [ template_filter ] --START--
INFO: Run Behavior\ContentReplaceBehavior [ RunTime:0.000121s ]
INFO: [ template_filter ] --END-- [ RunTime:0.000290s ]
SQL: SHOW COLUMNS FROM `cms_menu` [ RunTime:0.0010s ]
SQL: SELECT * FROM `cms_menu` WHERE `status` <> -1 AND `type` = 1 ORDER BY listorder desc,menu_id desc  [ RunTime:0.0003s ]
INFO: Run Behavior\ParseTemplateBehavior [ RunTime:0.072306s ]
INFO: [ view_parse ] --END-- [ RunTime:0.072446s ]
INFO: [ view_filter ] --START--
INFO: Run Behavior\WriteHtmlCacheBehavior [ RunTime:0.000409s ]
INFO: [ view_filter ] --END-- [ RunTime:0.000507s ]
INFO: [ app_end ] --START--
INFO: Run Behavior\ShowPageTraceBehavior [ RunTime:0.000696s ]
INFO: [ app_end ] --END-- [ RunTime:0.000856s ]

[ 2016-08-15T16:19:09+08:00 ] 127.0.0.1 /admin.php?c=content&a=index
INFO: [ app_init ] --START--
INFO: Run Behavior\BuildLiteBehavior [ RunTime:0.000022s ]
INFO: [ app_init ] --END-- [ RunTime:0.000324s ]
INFO: [ app_begin ] --START--
INFO: Run Behavior\ReadHtmlCacheBehavior [ RunTime:0.000340s ]
INFO: [ app_begin ] --END-- [ RunTime:0.000444s ]
NOTIC: [2048] Declaration of Admin\Controller\ContentController::setStatus() should be compatible with Admin\Controller\CommonController::setStatus($data, $models) D:\wamp64\www\singcms\Application\Admin\Controller\ContentController.class.php 第 10 行.
NOTIC: [8] Undefined variable: module D:\wamp64\www\singcms\ThinkPHP\Common\functions.php 第 997 行.
NOTIC: [8] Undefined variable: var D:\wamp64\www\singcms\ThinkPHP\Common\functions.php 第 1000 行.
NOTIC: [2] array_reverse() expects parameter 1 to be array, null given D:\wamp64\www\singcms\ThinkPHP\Common\functions.php 第 1000 行.
NOTIC: [2] http_build_query(): Parameter 1 expected to be Array or Object.  Incorrect value given D:\wamp64\www\singcms\ThinkPHP\Common\functions.php 第 1000 行.

[ 2016-08-15T16:19:09+08:00 ] 127.0.0.1 /admin.php?&c=login
INFO: [ app_init ] --START--
INFO: Run Behavior\BuildLiteBehavior [ RunTime:0.000022s ]
INFO: [ app_init ] --END-- [ RunTime:0.000329s ]
INFO: [ app_begin ] --START--
INFO: Run Behavior\ReadHtmlCacheBehavior [ RunTime:0.000341s ]
INFO: [ app_begin ] --END-- [ RunTime:0.000444s ]
INFO: [ view_parse ] --START--
INFO: [ template_filter ] --START--
INFO: Run Behavior\ContentReplaceBehavior [ RunTime:0.000068s ]
INFO: [ template_filter ] --END-- [ RunTime:0.000180s ]
INFO: Run Behavior\ParseTemplateBehavior [ RunTime:0.044081s ]
INFO: [ view_parse ] --END-- [ RunTime:0.044211s ]
INFO: [ view_filter ] --START--
INFO: Run Behavior\WriteHtmlCacheBehavior [ RunTime:0.000316s ]
INFO: [ view_filter ] --END-- [ RunTime:0.000410s ]
INFO: [ app_end ] --START--
INFO: Run Behavior\ShowPageTraceBehavior [ RunTime:0.000461s ]
INFO: [ app_end ] --END-- [ RunTime:0.000560s ]

[ 2016-08-15T16:19:09+08:00 ] 127.0.0.1 /admin.php?&c=login
INFO: [ app_init ] --START--
INFO: Run Behavior\BuildLiteBehavior [ RunTime:0.000025s ]
INFO: [ app_init ] --END-- [ RunTime:0.000416s ]
INFO: [ app_begin ] --START--
INFO: Run Behavior\ReadHtmlCacheBehavior [ RunTime:0.000567s ]
INFO: [ app_begin ] --END-- [ RunTime:0.000720s ]
INFO: [ view_parse ] --START--
INFO: [ template_filter ] --START--
INFO: Run Behavior\ContentReplaceBehavior [ RunTime:0.000061s ]
INFO: [ template_filter ] --END-- [ RunTime:0.000168s ]
INFO: Run Behavior\ParseTemplateBehavior [ RunTime:0.004576s ]
INFO: [ view_parse ] --END-- [ RunTime:0.004723s ]
INFO: [ view_filter ] --START--
INFO: Run Behavior\WriteHtmlCacheBehavior [ RunTime:0.000514s ]
INFO: [ view_filter ] --END-- [ RunTime:0.000841s ]
INFO: [ app_end ] --START--
INFO: Run Behavior\ShowPageTraceBehavior [ RunTime:0.000835s ]
INFO: [ app_end ] --END-- [ RunTime:0.001009s ]

[ 2016-08-15T16:19:13+08:00 ] 127.0.0.1 /index.php?m=admin&c=login&a=check
INFO: [ app_init ] --START--
INFO: Run Behavior\BuildLiteBehavior [ RunTime:0.000033s ]
INFO: [ app_init ] --END-- [ RunTime:0.000458s ]
INFO: [ app_begin ] --START--
INFO: Run Behavior\ReadHtmlCacheBehavior [ RunTime:0.000388s ]
INFO: [ app_begin ] --END-- [ RunTime:0.000488s ]
SQL: SHOW COLUMNS FROM `cms_admin` [ RunTime:0.0439s ]
SQL: SELECT * FROM `cms_admin` WHERE ( username="admin" ) LIMIT 1   [ RunTime:0.0003s ]

[ 2016-08-15T16:19:14+08:00 ] 127.0.0.1 /admin.php?c=index
INFO: [ app_init ] --START--
INFO: Run Behavior\BuildLiteBehavior [ RunTime:0.000034s ]
INFO: [ app_init ] --END-- [ RunTime:0.000489s ]
INFO: [ app_begin ] --START--
INFO: Run Behavior\ReadHtmlCacheBehavior [ RunTime:0.000506s ]
INFO: [ app_begin ] --END-- [ RunTime:0.000673s ]
INFO: [ view_parse ] --START--
INFO: [ template_filter ] --START--
INFO: Run Behavior\ContentReplaceBehavior [ RunTime:0.000083s ]
INFO: [ template_filter ] --END-- [ RunTime:0.000195s ]
SQL: SHOW COLUMNS FROM `cms_menu` [ RunTime:0.0005s ]
SQL: SELECT * FROM `cms_menu` WHERE `status` <> -1 AND `type` = 1 ORDER BY listorder desc,menu_id desc  [ RunTime:0.0003s ]
INFO: Run Behavior\ParseTemplateBehavior [ RunTime:0.018601s ]
INFO: [ view_parse ] --END-- [ RunTime:0.018716s ]
INFO: [ view_filter ] --START--
INFO: Run Behavior\WriteHtmlCacheBehavior [ RunTime:0.000435s ]
INFO: [ view_filter ] --END-- [ RunTime:0.000552s ]
INFO: [ app_end ] --START--
INFO: Run Behavior\ShowPageTraceBehavior [ RunTime:0.000684s ]
INFO: [ app_end ] --END-- [ RunTime:0.000844s ]

[ 2016-08-15T16:19:20+08:00 ] 127.0.0.1 /admin.php?c=positioncontent&a=index
INFO: [ app_init ] --START--
INFO: Run Behavior\BuildLiteBehavior [ RunTime:0.000026s ]
INFO: [ app_init ] --END-- [ RunTime:0.000412s ]
INFO: [ app_begin ] --START--
INFO: Run Behavior\ReadHtmlCacheBehavior [ RunTime:0.000365s ]
INFO: [ app_begin ] --END-- [ RunTime:0.000474s ]
NOTIC: [2048] Declaration of Admin\Controller\PositioncontentController::setStatus() should be compatible with Admin\Controller\CommonController::setStatus($data, $models) D:\wamp64\www\singcms\Application\Admin\Controller\PositioncontentController.class.php 第 7 行.
NOTIC: [8] Undefined index: title D:\wamp64\www\singcms\Application\Admin\Controller\PositioncontentController.class.php 第 12 行.
NOTIC: [8] Undefined index: position_id D:\wamp64\www\singcms\Application\Admin\Controller\PositioncontentController.class.php 第 18 行.
SQL: SHOW COLUMNS FROM `cms_position` [ RunTime:0.0400s ]
SQL: SELECT * FROM `cms_position` WHERE `status` <> -1 ORDER BY id desc  [ RunTime:0.0004s ]
NOTIC: [8] Undefined index: p D:\wamp64\www\singcms\Application\Admin\Controller\PositioncontentController.class.php 第 28 行.
NOTIC: [8] Undefined index: pageSize D:\wamp64\www\singcms\Application\Admin\Controller\PositioncontentController.class.php 第 29 行.
SQL: SHOW COLUMNS FROM `cms_position_content` [ RunTime:0.0007s ]
SQL: SELECT * FROM `cms_position_content` WHERE `status` <> -1 ORDER BY listorder desc,id desc LIMIT 0,5   [ RunTime:0.0003s ]
SQL: SELECT COUNT(*) AS tp_count FROM `cms_position_content` WHERE `status` <> -1 LIMIT 1   [ RunTime:0.0002s ]
INFO: [ view_parse ] --START--
INFO: [ template_filter ] --START--
INFO: Run Behavior\ContentReplaceBehavior [ RunTime:0.000085s ]
INFO: [ template_filter ] --END-- [ RunTime:0.000191s ]
SQL: SHOW COLUMNS FROM `cms_menu` [ RunTime:0.0006s ]
SQL: SELECT * FROM `cms_menu` WHERE `status` <> -1 AND `type` = 1 ORDER BY listorder desc,menu_id desc  [ RunTime:0.0003s ]
NOTIC: [8] Undefined variable: position_id D:\wamp64\www\singcms\Application\Runtime\Cache\Admin\b8a8b9d170e6c07d7b463ea02385894d.php 第 114 行.
NOTIC: [8] Undefined variable: position_id D:\wamp64\www\singcms\Application\Runtime\Cache\Admin\b8a8b9d170e6c07d7b463ea02385894d.php 第 114 行.
NOTIC: [8] Undefined variable: position_id D:\wamp64\www\singcms\Application\Runtime\Cache\Admin\b8a8b9d170e6c07d7b463ea02385894d.php 第 114 行.
NOTIC: [8] Undefined variable: title D:\wamp64\www\singcms\Application\Runtime\Cache\Admin\b8a8b9d170e6c07d7b463ea02385894d.php 第 122 行.
SQL: SELECT * FROM `cms_position` WHERE ( id=2 ) LIMIT 1   [ RunTime:0.0002s ]
SQL: SELECT * FROM `cms_position` WHERE ( id=2 ) LIMIT 1   [ RunTime:0.0002s ]
SQL: SELECT * FROM `cms_position` WHERE ( id=3 ) LIMIT 1   [ RunTime:0.0002s ]
SQL: SELECT * FROM `cms_position` WHERE ( id=2 ) LIMIT 1   [ RunTime:0.0002s ]
SQL: SELECT * FROM `cms_position` WHERE ( id=2 ) LIMIT 1   [ RunTime:0.0002s ]
INFO: Run Behavior\ParseTemplateBehavior [ RunTime:0.018305s ]
INFO: [ view_parse ] --END-- [ RunTime:0.018411s ]
INFO: [ view_filter ] --START--
INFO: Run Behavior\WriteHtmlCacheBehavior [ RunTime:0.000485s ]
INFO: [ view_filter ] --END-- [ RunTime:0.000584s ]
INFO: [ app_end ] --START--
INFO: Run Behavior\ShowPageTraceBehavior [ RunTime:0.000761s ]
INFO: [ app_end ] --END-- [ RunTime:0.000921s ]

[ 2016-08-15T16:19:24+08:00 ] 127.0.0.1 /admin.php?c=positioncontent&a=add
INFO: [ app_init ] --START--
INFO: Run Behavior\BuildLiteBehavior [ RunTime:0.000025s ]
INFO: [ app_init ] --END-- [ RunTime:0.000329s ]
INFO: [ app_begin ] --START--
INFO: Run Behavior\ReadHtmlCacheBehavior [ RunTime:0.000352s ]
INFO: [ app_begin ] --END-- [ RunTime:0.000459s ]
NOTIC: [2048] Declaration of Admin\Controller\PositioncontentController::setStatus() should be compatible with Admin\Controller\CommonController::setStatus($data, $models) D:\wamp64\www\singcms\Application\Admin\Controller\PositioncontentController.class.php 第 7 行.
SQL: SHOW COLUMNS FROM `cms_position` [ RunTime:0.0006s ]
SQL: SELECT * FROM `cms_position` WHERE `status` <> -1 ORDER BY id desc  [ RunTime:0.0003s ]
INFO: [ view_parse ] --START--
INFO: [ template_filter ] --START--
INFO: Run Behavior\ContentReplaceBehavior [ RunTime:0.000085s ]
INFO: [ template_filter ] --END-- [ RunTime:0.000210s ]
SQL: SHOW COLUMNS FROM `cms_menu` [ RunTime:0.0006s ]
SQL: SELECT * FROM `cms_menu` WHERE `status` <> -1 AND `type` = 1 ORDER BY listorder desc,menu_id desc  [ RunTime:0.0003s ]
INFO: Run Behavior\ParseTemplateBehavior [ RunTime:0.057752s ]
INFO: [ view_parse ] --END-- [ RunTime:0.057858s ]
INFO: [ view_filter ] --START--
INFO: Run Behavior\WriteHtmlCacheBehavior [ RunTime:0.000396s ]
INFO: [ view_filter ] --END-- [ RunTime:0.000495s ]
INFO: [ app_end ] --START--
INFO: Run Behavior\ShowPageTraceBehavior [ RunTime:0.000502s ]
INFO: [ app_end ] --END-- [ RunTime:0.000602s ]

[ 2016-08-15T16:19:26+08:00 ] 127.0.0.1 /admin.php?c=positioncontent&a=index
INFO: [ app_init ] --START--
INFO: Run Behavior\BuildLiteBehavior [ RunTime:0.000025s ]
INFO: [ app_init ] --END-- [ RunTime:0.000340s ]
INFO: [ app_begin ] --START--
INFO: Run Behavior\ReadHtmlCacheBehavior [ RunTime:0.000350s ]
INFO: [ app_begin ] --END-- [ RunTime:0.000455s ]
NOTIC: [2048] Declaration of Admin\Controller\PositioncontentController::setStatus() should be compatible with Admin\Controller\CommonController::setStatus($data, $models) D:\wamp64\www\singcms\Application\Admin\Controller\PositioncontentController.class.php 第 7 行.
NOTIC: [8] Undefined index: title D:\wamp64\www\singcms\Application\Admin\Controller\PositioncontentController.class.php 第 12 行.
NOTIC: [8] Undefined index: position_id D:\wamp64\www\singcms\Application\Admin\Controller\PositioncontentController.class.php 第 18 行.
SQL: SHOW COLUMNS FROM `cms_position` [ RunTime:0.0006s ]
SQL: SELECT * FROM `cms_position` WHERE `status` <> -1 ORDER BY id desc  [ RunTime:0.0003s ]
NOTIC: [8] Undefined index: p D:\wamp64\www\singcms\Application\Admin\Controller\PositioncontentController.class.php 第 28 行.
NOTIC: [8] Undefined index: pageSize D:\wamp64\www\singcms\Application\Admin\Controller\PositioncontentController.class.php 第 29 行.
SQL: SHOW COLUMNS FROM `cms_position_content` [ RunTime:0.0006s ]
SQL: SELECT * FROM `cms_position_content` WHERE `status` <> -1 ORDER BY listorder desc,id desc LIMIT 0,5   [ RunTime:0.0008s ]
SQL: SELECT COUNT(*) AS tp_count FROM `cms_position_content` WHERE `status` <> -1 LIMIT 1   [ RunTime:0.0003s ]
INFO: [ view_parse ] --START--
INFO: [ template_filter ] --START--
INFO: Run Behavior\ContentReplaceBehavior [ RunTime:0.000088s ]
INFO: [ template_filter ] --END-- [ RunTime:0.000199s ]
SQL: SHOW COLUMNS FROM `cms_menu` [ RunTime:0.0006s ]
SQL: SELECT * FROM `cms_menu` WHERE `status` <> -1 AND `type` = 1 ORDER BY listorder desc,menu_id desc  [ RunTime:0.0003s ]
NOTIC: [8] Undefined variable: position_id D:\wamp64\www\singcms\Application\Runtime\Cache\Admin\b8a8b9d170e6c07d7b463ea02385894d.php 第 114 行.
NOTIC: [8] Undefined variable: position_id D:\wamp64\www\singcms\Application\Runtime\Cache\Admin\b8a8b9d170e6c07d7b463ea02385894d.php 第 114 行.
NOTIC: [8] Undefined variable: position_id D:\wamp64\www\singcms\Application\Runtime\Cache\Admin\b8a8b9d170e6c07d7b463ea02385894d.php 第 114 行.
NOTIC: [8] Undefined variable: title D:\wamp64\www\singcms\Application\Runtime\Cache\Admin\b8a8b9d170e6c07d7b463ea02385894d.php 第 122 行.
SQL: SELECT * FROM `cms_position` WHERE ( id=2 ) LIMIT 1   [ RunTime:0.0002s ]
SQL: SELECT * FROM `cms_position` WHERE ( id=2 ) LIMIT 1   [ RunTime:0.0002s ]
SQL: SELECT * FROM `cms_position` WHERE ( id=3 ) LIMIT 1   [ RunTime:0.0002s ]
SQL: SELECT * FROM `cms_position` WHERE ( id=2 ) LIMIT 1   [ RunTime:0.0002s ]
SQL: SELECT * FROM `cms_position` WHERE ( id=2 ) LIMIT 1   [ RunTime:0.0002s ]
INFO: Run Behavior\ParseTemplateBehavior [ RunTime:0.019025s ]
INFO: [ view_parse ] --END-- [ RunTime:0.019158s ]
INFO: [ view_filter ] --START--
INFO: Run Behavior\WriteHtmlCacheBehavior [ RunTime:0.000429s ]
INFO: [ view_filter ] --END-- [ RunTime:0.000526s ]
INFO: [ app_end ] --START--
INFO: Run Behavior\ShowPageTraceBehavior [ RunTime:0.000798s ]
INFO: [ app_end ] --END-- [ RunTime:0.001002s ]

[ 2016-08-15T16:19:30+08:00 ] 127.0.0.1 /admin.php?position_id=3&c=positioncontent&a=index&title=
INFO: [ app_init ] --START--
INFO: Run Behavior\BuildLiteBehavior [ RunTime:0.000025s ]
INFO: [ app_init ] --END-- [ RunTime:0.000335s ]
INFO: [ app_begin ] --START--
INFO: Run Behavior\ReadHtmlCacheBehavior [ RunTime:0.000378s ]
INFO: [ app_begin ] --END-- [ RunTime:0.000496s ]
NOTIC: [2048] Declaration of Admin\Controller\PositioncontentController::setStatus() should be compatible with Admin\Controller\CommonController::setStatus($data, $models) D:\wamp64\www\singcms\Application\Admin\Controller\PositioncontentController.class.php 第 7 行.
SQL: SHOW COLUMNS FROM `cms_position` [ RunTime:0.0007s ]
SQL: SELECT * FROM `cms_position` WHERE `status` <> -1 ORDER BY id desc  [ RunTime:0.0003s ]
NOTIC: [8] Undefined index: p D:\wamp64\www\singcms\Application\Admin\Controller\PositioncontentController.class.php 第 28 行.
NOTIC: [8] Undefined index: pageSize D:\wamp64\www\singcms\Application\Admin\Controller\PositioncontentController.class.php 第 29 行.
SQL: SHOW COLUMNS FROM `cms_position_content` [ RunTime:0.0007s ]
SQL: SELECT * FROM `cms_position_content` WHERE `position_id` = 3 AND `status` <> -1 ORDER BY listorder desc,id desc LIMIT 0,5   [ RunTime:0.0009s ]
SQL: SELECT COUNT(*) AS tp_count FROM `cms_position_content` WHERE `position_id` = 3 AND `status` <> -1 LIMIT 1   [ RunTime:0.0008s ]
INFO: [ view_parse ] --START--
INFO: [ template_filter ] --START--
INFO: Run Behavior\ContentReplaceBehavior [ RunTime:0.000103s ]
INFO: [ template_filter ] --END-- [ RunTime:0.000216s ]
SQL: SHOW COLUMNS FROM `cms_menu` [ RunTime:0.0008s ]
SQL: SELECT * FROM `cms_menu` WHERE `status` <> -1 AND `type` = 1 ORDER BY listorder desc,menu_id desc  [ RunTime:0.0003s ]
NOTIC: [8] Undefined variable: title D:\wamp64\www\singcms\Application\Runtime\Cache\Admin\b8a8b9d170e6c07d7b463ea02385894d.php 第 122 行.
SQL: SELECT * FROM `cms_position` WHERE ( id=3 ) LIMIT 1   [ RunTime:0.0002s ]
SQL: SELECT * FROM `cms_position` WHERE ( id=3 ) LIMIT 1   [ RunTime:0.0003s ]
SQL: SELECT * FROM `cms_position` WHERE ( id=3 ) LIMIT 1   [ RunTime:0.0002s ]
SQL: SELECT * FROM `cms_position` WHERE ( id=3 ) LIMIT 1   [ RunTime:0.0002s ]
INFO: Run Behavior\ParseTemplateBehavior [ RunTime:0.023205s ]
INFO: [ view_parse ] --END-- [ RunTime:0.023323s ]
INFO: [ view_filter ] --START--
INFO: Run Behavior\WriteHtmlCacheBehavior [ RunTime:0.000450s ]
INFO: [ view_filter ] --END-- [ RunTime:0.000549s ]
INFO: [ app_end ] --START--
INFO: Run Behavior\ShowPageTraceBehavior [ RunTime:0.000717s ]
INFO: [ app_end ] --END-- [ RunTime:0.000874s ]

[ 2016-08-15T16:19:35+08:00 ] 127.0.0.1 /admin.php?position_id=5&c=positioncontent&a=index&title=
INFO: [ app_init ] --START--
INFO: Run Behavior\BuildLiteBehavior [ RunTime:0.000026s ]
INFO: [ app_init ] --END-- [ RunTime:0.000338s ]
INFO: [ app_begin ] --START--
INFO: Run Behavior\ReadHtmlCacheBehavior [ RunTime:0.000366s ]
INFO: [ app_begin ] --END-- [ RunTime:0.000474s ]
NOTIC: [2048] Declaration of Admin\Controller\PositioncontentController::setStatus() should be compatible with Admin\Controller\CommonController::setStatus($data, $models) D:\wamp64\www\singcms\Application\Admin\Controller\PositioncontentController.class.php 第 7 行.
SQL: SHOW COLUMNS FROM `cms_position` [ RunTime:0.0008s ]
SQL: SELECT * FROM `cms_position` WHERE `status` <> -1 ORDER BY id desc  [ RunTime:0.0006s ]
NOTIC: [8] Undefined index: p D:\wamp64\www\singcms\Application\Admin\Controller\PositioncontentController.class.php 第 28 行.
NOTIC: [8] Undefined index: pageSize D:\wamp64\www\singcms\Application\Admin\Controller\PositioncontentController.class.php 第 29 行.
SQL: SHOW COLUMNS FROM `cms_position_content` [ RunTime:0.0006s ]
SQL: SELECT * FROM `cms_position_content` WHERE `position_id` = 5 AND `status` <> -1 ORDER BY listorder desc,id desc LIMIT 0,5   [ RunTime:0.0003s ]
SQL: SELECT COUNT(*) AS tp_count FROM `cms_position_content` WHERE `position_id` = 5 AND `status` <> -1 LIMIT 1   [ RunTime:0.0002s ]
INFO: [ view_parse ] --START--
INFO: [ template_filter ] --START--
INFO: Run Behavior\ContentReplaceBehavior [ RunTime:0.000139s ]
INFO: [ template_filter ] --END-- [ RunTime:0.000308s ]
SQL: SHOW COLUMNS FROM `cms_menu` [ RunTime:0.0007s ]
SQL: SELECT * FROM `cms_menu` WHERE `status` <> -1 AND `type` = 1 ORDER BY listorder desc,menu_id desc  [ RunTime:0.0004s ]
NOTIC: [8] Undefined variable: title D:\wamp64\www\singcms\Application\Runtime\Cache\Admin\b8a8b9d170e6c07d7b463ea02385894d.php 第 122 行.
SQL: SELECT * FROM `cms_position` WHERE ( id=5 ) LIMIT 1   [ RunTime:0.0002s ]
SQL: SELECT * FROM `cms_position` WHERE ( id=5 ) LIMIT 1   [ RunTime:0.0002s ]
INFO: Run Behavior\ParseTemplateBehavior [ RunTime:0.019301s ]
INFO: [ view_parse ] --END-- [ RunTime:0.019435s ]
INFO: [ view_filter ] --START--
INFO: Run Behavior\WriteHtmlCacheBehavior [ RunTime:0.000602s ]
INFO: [ view_filter ] --END-- [ RunTime:0.000778s ]
INFO: [ app_end ] --START--
INFO: Run Behavior\ShowPageTraceBehavior [ RunTime:0.000911s ]
INFO: [ app_end ] --END-- [ RunTime:0.001258s ]

[ 2016-08-15T16:19:39+08:00 ] 127.0.0.1 /admin.php?c=positioncontent&a=edit&id=33
INFO: [ app_init ] --START--
INFO: Run Behavior\BuildLiteBehavior [ RunTime:0.000026s ]
INFO: [ app_init ] --END-- [ RunTime:0.000358s ]
INFO: [ app_begin ] --START--
INFO: Run Behavior\ReadHtmlCacheBehavior [ RunTime:0.000359s ]
INFO: [ app_begin ] --END-- [ RunTime:0.000465s ]
NOTIC: [2048] Declaration of Admin\Controller\PositioncontentController::setStatus() should be compatible with Admin\Controller\CommonController::setStatus($data, $models) D:\wamp64\www\singcms\Application\Admin\Controller\PositioncontentController.class.php 第 7 行.
SQL: SHOW COLUMNS FROM `cms_position_content` [ RunTime:0.0010s ]
SQL: SELECT * FROM `cms_position_content` WHERE ( id=33 ) LIMIT 1   [ RunTime:0.0004s ]
SQL: SHOW COLUMNS FROM `cms_position` [ RunTime:0.0015s ]
SQL: SELECT * FROM `cms_position` WHERE `status` <> -1 ORDER BY id desc  [ RunTime:0.0006s ]
INFO: [ view_parse ] --START--
INFO: [ template_filter ] --START--
INFO: Run Behavior\ContentReplaceBehavior [ RunTime:0.000097s ]
INFO: [ template_filter ] --END-- [ RunTime:0.000230s ]
SQL: SHOW COLUMNS FROM `cms_menu` [ RunTime:0.0006s ]
SQL: SELECT * FROM `cms_menu` WHERE `status` <> -1 AND `type` = 1 ORDER BY listorder desc,menu_id desc  [ RunTime:0.0003s ]
NOTIC: [8] Undefined index: news_id D:\wamp64\www\singcms\Application\Runtime\Cache\Admin\7125ea1ecb2643e5c73f6fda1ddafd42.php 第 144 行.
INFO: Run Behavior\ParseTemplateBehavior [ RunTime:0.045543s ]
INFO: [ view_parse ] --END-- [ RunTime:0.045699s ]
INFO: [ view_filter ] --START--
INFO: Run Behavior\WriteHtmlCacheBehavior [ RunTime:0.000413s ]
INFO: [ view_filter ] --END-- [ RunTime:0.000512s ]
INFO: [ app_end ] --START--
INFO: Run Behavior\ShowPageTraceBehavior [ RunTime:0.000523s ]
INFO: [ app_end ] --END-- [ RunTime:0.000647s ]

[ 2016-08-15T16:19:46+08:00 ] 127.0.0.1 /admin.php?c=image&a=ajaxuploadimage
INFO: [ app_init ] --START--
INFO: Run Behavior\BuildLiteBehavior [ RunTime:0.000038s ]
INFO: [ app_init ] --END-- [ RunTime:0.000505s ]
INFO: [ app_begin ] --START--
INFO: Run Behavior\ReadHtmlCacheBehavior [ RunTime:0.000523s ]
INFO: [ app_begin ] --END-- [ RunTime:0.000677s ]
NOTIC: [8] Use of undefined constant Y - assumed 'Y' D:\wamp64\www\singcms\Application\Common\Model\UploadImageModel.class.php 第 19 行.
NOTIC: [8] Use of undefined constant m - assumed 'm' D:\wamp64\www\singcms\Application\Common\Model\UploadImageModel.class.php 第 19 行.
NOTIC: [8] Use of undefined constant d - assumed 'd' D:\wamp64\www\singcms\Application\Common\Model\UploadImageModel.class.php 第 19 行.
NOTIC: [2] call_user_func() expects parameter 1 to be a valid callback, no array or string given D:\wamp64\www\singcms\ThinkPHP\Library\Think\Upload.class.php 第 170 行.

[ 2016-08-15T16:19:46+08:00 ] 127.0.0.1 /admin.php?c=positioncontent&a=add
INFO: [ app_init ] --START--
INFO: Run Behavior\BuildLiteBehavior [ RunTime:0.000028s ]
INFO: [ app_init ] --END-- [ RunTime:0.000563s ]
INFO: [ app_begin ] --START--
INFO: Run Behavior\ReadHtmlCacheBehavior [ RunTime:0.000958s ]
INFO: [ app_begin ] --END-- [ RunTime:0.001054s ]
NOTIC: [2048] Declaration of Admin\Controller\PositioncontentController::setStatus() should be compatible with Admin\Controller\CommonController::setStatus($data, $models) D:\wamp64\www\singcms\Application\Admin\Controller\PositioncontentController.class.php 第 7 行.
SQL: SHOW COLUMNS FROM `cms_position_content` [ RunTime:0.0006s ]
SQL: UPDATE `cms_position_content` SET `title`='singwa老师教您如何学PHP',`position_id`='5',`thumb`='/upload/2016/08/15/57b17b220262f.jpg',`url`='http://t.imooc.com/space/teacher/id/255838',`news_id`='0',`status`='1',`update_time`='1471249186' WHERE ( id=33 ) [ RunTime:0.0271s ]

[ 2016-08-15T16:19:48+08:00 ] 127.0.0.1 /admin.php?c=positioncontent&a=index
INFO: [ app_init ] --START--
INFO: Run Behavior\BuildLiteBehavior [ RunTime:0.000047s ]
INFO: [ app_init ] --END-- [ RunTime:0.001025s ]
INFO: [ app_begin ] --START--
INFO: Run Behavior\ReadHtmlCacheBehavior [ RunTime:0.000955s ]
INFO: [ app_begin ] --END-- [ RunTime:0.001073s ]
NOTIC: [2048] Declaration of Admin\Controller\PositioncontentController::setStatus() should be compatible with Admin\Controller\CommonController::setStatus($data, $models) D:\wamp64\www\singcms\Application\Admin\Controller\PositioncontentController.class.php 第 7 行.
NOTIC: [8] Undefined index: title D:\wamp64\www\singcms\Application\Admin\Controller\PositioncontentController.class.php 第 12 行.
NOTIC: [8] Undefined index: position_id D:\wamp64\www\singcms\Application\Admin\Controller\PositioncontentController.class.php 第 18 行.
SQL: SHOW COLUMNS FROM `cms_position` [ RunTime:0.0007s ]
SQL: SELECT * FROM `cms_position` WHERE `status` <> -1 ORDER BY id desc  [ RunTime:0.0003s ]
NOTIC: [8] Undefined index: p D:\wamp64\www\singcms\Application\Admin\Controller\PositioncontentController.class.php 第 28 行.
NOTIC: [8] Undefined index: pageSize D:\wamp64\www\singcms\Application\Admin\Controller\PositioncontentController.class.php 第 29 行.
SQL: SHOW COLUMNS FROM `cms_position_content` [ RunTime:0.0006s ]
SQL: SELECT * FROM `cms_position_content` WHERE `status` <> -1 ORDER BY listorder desc,id desc LIMIT 0,5   [ RunTime:0.0004s ]
SQL: SELECT COUNT(*) AS tp_count FROM `cms_position_content` WHERE `status` <> -1 LIMIT 1   [ RunTime:0.0002s ]
INFO: [ view_parse ] --START--
INFO: [ template_filter ] --START--
INFO: Run Behavior\ContentReplaceBehavior [ RunTime:0.000122s ]
INFO: [ template_filter ] --END-- [ RunTime:0.000277s ]
SQL: SHOW COLUMNS FROM `cms_menu` [ RunTime:0.0010s ]
SQL: SELECT * FROM `cms_menu` WHERE `status` <> -1 AND `type` = 1 ORDER BY listorder desc,menu_id desc  [ RunTime:0.0004s ]
NOTIC: [8] Undefined variable: position_id D:\wamp64\www\singcms\Application\Runtime\Cache\Admin\b8a8b9d170e6c07d7b463ea02385894d.php 第 114 行.
NOTIC: [8] Undefined variable: position_id D:\wamp64\www\singcms\Application\Runtime\Cache\Admin\b8a8b9d170e6c07d7b463ea02385894d.php 第 114 行.
NOTIC: [8] Undefined variable: position_id D:\wamp64\www\singcms\Application\Runtime\Cache\Admin\b8a8b9d170e6c07d7b463ea02385894d.php 第 114 行.
NOTIC: [8] Undefined variable: title D:\wamp64\www\singcms\Application\Runtime\Cache\Admin\b8a8b9d170e6c07d7b463ea02385894d.php 第 122 行.
SQL: SELECT * FROM `cms_position` WHERE ( id=2 ) LIMIT 1   [ RunTime:0.0002s ]
SQL: SELECT * FROM `cms_position` WHERE ( id=2 ) LIMIT 1   [ RunTime:0.0002s ]
SQL: SELECT * FROM `cms_position` WHERE ( id=3 ) LIMIT 1   [ RunTime:0.0002s ]
SQL: SELECT * FROM `cms_position` WHERE ( id=2 ) LIMIT 1   [ RunTime:0.0002s ]
SQL: SELECT * FROM `cms_position` WHERE ( id=2 ) LIMIT 1   [ RunTime:0.0002s ]
INFO: Run Behavior\ParseTemplateBehavior [ RunTime:0.027303s ]
INFO: [ view_parse ] --END-- [ RunTime:0.027412s ]
INFO: [ view_filter ] --START--
INFO: Run Behavior\WriteHtmlCacheBehavior [ RunTime:0.000939s ]
INFO: [ view_filter ] --END-- [ RunTime:0.001039s ]
INFO: [ app_end ] --START--
INFO: Run Behavior\ShowPageTraceBehavior [ RunTime:0.001494s ]
INFO: [ app_end ] --END-- [ RunTime:0.001647s ]

[ 2016-08-15T16:19:51+08:00 ] 127.0.0.1 /admin.php?position_id=5&c=positioncontent&a=index&title=
INFO: [ app_init ] --START--
INFO: Run Behavior\BuildLiteBehavior [ RunTime:0.000027s ]
INFO: [ app_init ] --END-- [ RunTime:0.000551s ]
INFO: [ app_begin ] --START--
INFO: Run Behavior\ReadHtmlCacheBehavior [ RunTime:0.001068s ]
INFO: [ app_begin ] --END-- [ RunTime:0.001202s ]
NOTIC: [2048] Declaration of Admin\Controller\PositioncontentController::setStatus() should be compatible with Admin\Controller\CommonController::setStatus($data, $models) D:\wamp64\www\singcms\Application\Admin\Controller\PositioncontentController.class.php 第 7 行.
SQL: SHOW COLUMNS FROM `cms_position` [ RunTime:0.0006s ]
SQL: SELECT * FROM `cms_position` WHERE `status` <> -1 ORDER BY id desc  [ RunTime:0.0003s ]
NOTIC: [8] Undefined index: p D:\wamp64\www\singcms\Application\Admin\Controller\PositioncontentController.class.php 第 28 行.
NOTIC: [8] Undefined index: pageSize D:\wamp64\www\singcms\Application\Admin\Controller\PositioncontentController.class.php 第 29 行.
SQL: SHOW COLUMNS FROM `cms_position_content` [ RunTime:0.0006s ]
SQL: SELECT * FROM `cms_position_content` WHERE `position_id` = 5 AND `status` <> -1 ORDER BY listorder desc,id desc LIMIT 0,5   [ RunTime:0.0006s ]
SQL: SELECT COUNT(*) AS tp_count FROM `cms_position_content` WHERE `position_id` = 5 AND `status` <> -1 LIMIT 1   [ RunTime:0.0005s ]
INFO: [ view_parse ] --START--
INFO: [ template_filter ] --START--
INFO: Run Behavior\ContentReplaceBehavior [ RunTime:0.000170s ]
INFO: [ template_filter ] --END-- [ RunTime:0.000394s ]
SQL: SHOW COLUMNS FROM `cms_menu` [ RunTime:0.0006s ]
SQL: SELECT * FROM `cms_menu` WHERE `status` <> -1 AND `type` = 1 ORDER BY listorder desc,menu_id desc  [ RunTime:0.0003s ]
NOTIC: [8] Undefined variable: title D:\wamp64\www\singcms\Application\Runtime\Cache\Admin\b8a8b9d170e6c07d7b463ea02385894d.php 第 122 行.
SQL: SELECT * FROM `cms_position` WHERE ( id=5 ) LIMIT 1   [ RunTime:0.0002s ]
SQL: SELECT * FROM `cms_position` WHERE ( id=5 ) LIMIT 1   [ RunTime:0.0002s ]
INFO: Run Behavior\ParseTemplateBehavior [ RunTime:0.020854s ]
INFO: [ view_parse ] --END-- [ RunTime:0.020960s ]
INFO: [ view_filter ] --START--
INFO: Run Behavior\WriteHtmlCacheBehavior [ RunTime:0.000893s ]
INFO: [ view_filter ] --END-- [ RunTime:0.000991s ]
INFO: [ app_end ] --START--
INFO: Run Behavior\ShowPageTraceBehavior [ RunTime:0.001500s ]
INFO: [ app_end ] --END-- [ RunTime:0.001654s ]

[ 2016-08-15T16:19:53+08:00 ] 127.0.0.1 /admin.php?c=positioncontent&a=edit&id=32
INFO: [ app_init ] --START--
INFO: Run Behavior\BuildLiteBehavior [ RunTime:0.000027s ]
INFO: [ app_init ] --END-- [ RunTime:0.000552s ]
INFO: [ app_begin ] --START--
INFO: Run Behavior\ReadHtmlCacheBehavior [ RunTime:0.000914s ]
INFO: [ app_begin ] --END-- [ RunTime:0.001060s ]
NOTIC: [2048] Declaration of Admin\Controller\PositioncontentController::setStatus() should be compatible with Admin\Controller\CommonController::setStatus($data, $models) D:\wamp64\www\singcms\Application\Admin\Controller\PositioncontentController.class.php 第 7 行.
SQL: SHOW COLUMNS FROM `cms_position_content` [ RunTime:0.0006s ]
SQL: SELECT * FROM `cms_position_content` WHERE ( id=32 ) LIMIT 1   [ RunTime:0.0003s ]
SQL: SHOW COLUMNS FROM `cms_position` [ RunTime:0.0006s ]
SQL: SELECT * FROM `cms_position` WHERE `status` <> -1 ORDER BY id desc  [ RunTime:0.0003s ]
INFO: [ view_parse ] --START--
INFO: [ template_filter ] --START--
INFO: Run Behavior\ContentReplaceBehavior [ RunTime:0.000079s ]
INFO: [ template_filter ] --END-- [ RunTime:0.000185s ]
SQL: SHOW COLUMNS FROM `cms_menu` [ RunTime:0.0006s ]
SQL: SELECT * FROM `cms_menu` WHERE `status` <> -1 AND `type` = 1 ORDER BY listorder desc,menu_id desc  [ RunTime:0.0003s ]
NOTIC: [8] Undefined index: news_id D:\wamp64\www\singcms\Application\Runtime\Cache\Admin\7125ea1ecb2643e5c73f6fda1ddafd42.php 第 144 行.
INFO: Run Behavior\ParseTemplateBehavior [ RunTime:0.018283s ]
INFO: [ view_parse ] --END-- [ RunTime:0.018389s ]
INFO: [ view_filter ] --START--
INFO: Run Behavior\WriteHtmlCacheBehavior [ RunTime:0.000907s ]
INFO: [ view_filter ] --END-- [ RunTime:0.001004s ]
INFO: [ app_end ] --START--
INFO: Run Behavior\ShowPageTraceBehavior [ RunTime:0.001455s ]
INFO: [ app_end ] --END-- [ RunTime:0.001755s ]

[ 2016-08-15T16:19:56+08:00 ] 127.0.0.1 /admin.php?c=image&a=ajaxuploadimage
INFO: [ app_init ] --START--
INFO: Run Behavior\BuildLiteBehavior [ RunTime:0.000025s ]
INFO: [ app_init ] --END-- [ RunTime:0.000498s ]
INFO: [ app_begin ] --START--
INFO: Run Behavior\ReadHtmlCacheBehavior [ RunTime:0.001022s ]
INFO: [ app_begin ] --END-- [ RunTime:0.001180s ]
NOTIC: [8] Use of undefined constant Y - assumed 'Y' D:\wamp64\www\singcms\Application\Common\Model\UploadImageModel.class.php 第 19 行.
NOTIC: [8] Use of undefined constant m - assumed 'm' D:\wamp64\www\singcms\Application\Common\Model\UploadImageModel.class.php 第 19 行.
NOTIC: [8] Use of undefined constant d - assumed 'd' D:\wamp64\www\singcms\Application\Common\Model\UploadImageModel.class.php 第 19 行.
NOTIC: [2] call_user_func() expects parameter 1 to be a valid callback, no array or string given D:\wamp64\www\singcms\ThinkPHP\Library\Think\Upload.class.php 第 170 行.

[ 2016-08-15T16:19:56+08:00 ] 127.0.0.1 /admin.php?c=positioncontent&a=add
INFO: [ app_init ] --START--
INFO: Run Behavior\BuildLiteBehavior [ RunTime:0.000024s ]
INFO: [ app_init ] --END-- [ RunTime:0.000476s ]
INFO: [ app_begin ] --START--
INFO: Run Behavior\ReadHtmlCacheBehavior [ RunTime:0.000884s ]
INFO: [ app_begin ] --END-- [ RunTime:0.000986s ]
NOTIC: [2048] Declaration of Admin\Controller\PositioncontentController::setStatus() should be compatible with Admin\Controller\CommonController::setStatus($data, $models) D:\wamp64\www\singcms\Application\Admin\Controller\PositioncontentController.class.php 第 7 行.
SQL: SHOW COLUMNS FROM `cms_position_content` [ RunTime:0.0005s ]
SQL: UPDATE `cms_position_content` SET `title`='2015劳伦斯国际体坛精彩瞬间',`position_id`='5',`thumb`='/upload/2016/08/15/57b17b2c3ba15.jpg',`url`='http://sports.sina.com.cn/laureus/moment2015/',`news_id`='0',`status`='1',`update_time`='1471249196' WHERE ( id=32 ) [ RunTime:0.0003s ]

[ 2016-08-15T16:19:58+08:00 ] 127.0.0.1 /admin.php?c=positioncontent&a=index
INFO: [ app_init ] --START--
INFO: Run Behavior\BuildLiteBehavior [ RunTime:0.000024s ]
INFO: [ app_init ] --END-- [ RunTime:0.000484s ]
INFO: [ app_begin ] --START--
INFO: Run Behavior\ReadHtmlCacheBehavior [ RunTime:0.000960s ]
INFO: [ app_begin ] --END-- [ RunTime:0.001106s ]
NOTIC: [2048] Declaration of Admin\Controller\PositioncontentController::setStatus() should be compatible with Admin\Controller\CommonController::setStatus($data, $models) D:\wamp64\www\singcms\Application\Admin\Controller\PositioncontentController.class.php 第 7 行.
NOTIC: [8] Undefined index: title D:\wamp64\www\singcms\Application\Admin\Controller\PositioncontentController.class.php 第 12 行.
NOTIC: [8] Undefined index: position_id D:\wamp64\www\singcms\Application\Admin\Controller\PositioncontentController.class.php 第 18 行.
SQL: SHOW COLUMNS FROM `cms_position` [ RunTime:0.0006s ]
SQL: SELECT * FROM `cms_position` WHERE `status` <> -1 ORDER BY id desc  [ RunTime:0.0004s ]
NOTIC: [8] Undefined index: p D:\wamp64\www\singcms\Application\Admin\Controller\PositioncontentController.class.php 第 28 行.
NOTIC: [8] Undefined index: pageSize D:\wamp64\www\singcms\Application\Admin\Controller\PositioncontentController.class.php 第 29 行.
SQL: SHOW COLUMNS FROM `cms_position_content` [ RunTime:0.0006s ]
SQL: SELECT * FROM `cms_position_content` WHERE `status` <> -1 ORDER BY listorder desc,id desc LIMIT 0,5   [ RunTime:0.0005s ]
SQL: SELECT COUNT(*) AS tp_count FROM `cms_position_content` WHERE `status` <> -1 LIMIT 1   [ RunTime:0.0011s ]
INFO: [ view_parse ] --START--
INFO: [ template_filter ] --START--
INFO: Run Behavior\ContentReplaceBehavior [ RunTime:0.000123s ]
INFO: [ template_filter ] --END-- [ RunTime:0.000280s ]
SQL: SHOW COLUMNS FROM `cms_menu` [ RunTime:0.0006s ]
SQL: SELECT * FROM `cms_menu` WHERE `status` <> -1 AND `type` = 1 ORDER BY listorder desc,menu_id desc  [ RunTime:0.0003s ]
NOTIC: [8] Undefined variable: position_id D:\wamp64\www\singcms\Application\Runtime\Cache\Admin\b8a8b9d170e6c07d7b463ea02385894d.php 第 114 行.
NOTIC: [8] Undefined variable: position_id D:\wamp64\www\singcms\Application\Runtime\Cache\Admin\b8a8b9d170e6c07d7b463ea02385894d.php 第 114 行.
NOTIC: [8] Undefined variable: position_id D:\wamp64\www\singcms\Application\Runtime\Cache\Admin\b8a8b9d170e6c07d7b463ea02385894d.php 第 114 行.
NOTIC: [8] Undefined variable: title D:\wamp64\www\singcms\Application\Runtime\Cache\Admin\b8a8b9d170e6c07d7b463ea02385894d.php 第 122 行.
SQL: SELECT * FROM `cms_position` WHERE ( id=2 ) LIMIT 1   [ RunTime:0.0002s ]
SQL: SELECT * FROM `cms_position` WHERE ( id=2 ) LIMIT 1   [ RunTime:0.0002s ]
SQL: SELECT * FROM `cms_position` WHERE ( id=3 ) LIMIT 1   [ RunTime:0.0003s ]
SQL: SELECT * FROM `cms_position` WHERE ( id=2 ) LIMIT 1   [ RunTime:0.0004s ]
SQL: SELECT * FROM `cms_position` WHERE ( id=2 ) LIMIT 1   [ RunTime:0.0002s ]
INFO: Run Behavior\ParseTemplateBehavior [ RunTime:0.025645s ]
INFO: [ view_parse ] --END-- [ RunTime:0.025762s ]
INFO: [ view_filter ] --START--
INFO: Run Behavior\WriteHtmlCacheBehavior [ RunTime:0.000916s ]
INFO: [ view_filter ] --END-- [ RunTime:0.001012s ]
INFO: [ app_end ] --START--
INFO: Run Behavior\ShowPageTraceBehavior [ RunTime:0.001458s ]
INFO: [ app_end ] --END-- [ RunTime:0.001616s ]

[ 2016-08-15T17:36:37+08:00 ] 127.0.0.1 /index.php?m=admin&c=login
INFO: [ app_init ] --START--
INFO: Run Behavior\BuildLiteBehavior [ RunTime:0.000024s ]
INFO: [ app_init ] --END-- [ RunTime:0.000379s ]
INFO: [ app_begin ] --START--
INFO: Run Behavior\ReadHtmlCacheBehavior [ RunTime:0.000349s ]
INFO: [ app_begin ] --END-- [ RunTime:0.000483s ]
NOTIC: [8] Undefined variable: module D:\wamp64\www\singcms\ThinkPHP\Common\functions.php 第 997 行.
NOTIC: [8] Undefined variable: var D:\wamp64\www\singcms\ThinkPHP\Common\functions.php 第 1000 行.
NOTIC: [2] array_reverse() expects parameter 1 to be array, null given D:\wamp64\www\singcms\ThinkPHP\Common\functions.php 第 1000 行.
NOTIC: [2] http_build_query(): Parameter 1 expected to be Array or Object.  Incorrect value given D:\wamp64\www\singcms\ThinkPHP\Common\functions.php 第 1000 行.

[ 2016-08-15T17:36:37+08:00 ] 127.0.0.1 /admin.php?&c=index
INFO: [ app_init ] --START--
INFO: Run Behavior\BuildLiteBehavior [ RunTime:0.000022s ]
INFO: [ app_init ] --END-- [ RunTime:0.000359s ]
INFO: [ app_begin ] --START--
INFO: Run Behavior\ReadHtmlCacheBehavior [ RunTime:0.000342s ]
INFO: [ app_begin ] --END-- [ RunTime:0.000445s ]
INFO: [ view_parse ] --START--
INFO: [ template_filter ] --START--
INFO: Run Behavior\ContentReplaceBehavior [ RunTime:0.000081s ]
INFO: [ template_filter ] --END-- [ RunTime:0.000190s ]
SQL: SHOW COLUMNS FROM `cms_menu` [ RunTime:0.0006s ]
SQL: SELECT * FROM `cms_menu` WHERE `status` <> -1 AND `type` = 1 ORDER BY listorder desc,menu_id desc  [ RunTime:0.0005s ]
INFO: Run Behavior\ParseTemplateBehavior [ RunTime:0.017527s ]
INFO: [ view_parse ] --END-- [ RunTime:0.017674s ]
INFO: [ view_filter ] --START--
INFO: Run Behavior\WriteHtmlCacheBehavior [ RunTime:0.000516s ]
INFO: [ view_filter ] --END-- [ RunTime:0.000656s ]
INFO: [ app_end ] --START--
INFO: Run Behavior\ShowPageTraceBehavior [ RunTime:0.000874s ]
INFO: [ app_end ] --END-- [ RunTime:0.001083s ]

